<?xml version="1.0" encoding="UTF-8"?>
<!-- Generated by org.testng.reporters.JUnitReportReporter -->
<testsuite hostname="LAPTOP-ASAABB0V" failures="0" tests="1" name="testCases.TC002_LoginTest" time="1.578" errors="0" timestamp="2025-10-26T20:06:11 IST" skipped="0">
  <testcase classname="testCases.TC002_LoginTest" name="verify_login" time="1.578"/>
</testsuite> <!-- testCases.TC002_LoginTest -->
